C[0] = 0
C[20] = 800
C[40] = 3200
C[60] = 7200
C[80] = 12800
C[100] = 20000
C[120] = 28800
C[140] = 39200
C[160] = 51200
C[180] = 64800
C[200] = 80000
C[220] = 96800
C[240] = 115200
C[260] = 135200
C[280] = 156800
C[300] = 180000
C[320] = 204800
C[340] = 231200
C[360] = 259200
C[380] = 288800
C[400] = 320000
C[420] = 352800
C[440] = 387200
C[460] = 423200
C[480] = 460800
C[500] = 500000
C[520] = 540800
C[540] = 583200
C[560] = 627200
C[580] = 672800
C[600] = 720000
C[620] = 768800
C[640] = 819200
C[660] = 871200
C[680] = 924800
C[700] = 980000
C[720] = 1036800
C[740] = 1095200
C[760] = 1155200
C[780] = 1216800
C[800] = 1280000
C[820] = 1344800
C[840] = 1411200
C[860] = 1479200
C[880] = 1548800
C[900] = 1620000
C[920] = 1692800
C[940] = 1767200
C[960] = 1843200
C[980] = 1920800
